[2018-04-01 13:42:53,622] INFO org.github.dragos.vscode.Main$ - Starting server in /Users/jinkang/Desktop/scala_coursera
[2018-04-01 13:42:53,622] INFO org.github.dragos.vscode.Main$ - Starting server in /Users/jinkang/Desktop/scala_coursera
[2018-04-01 13:42:53,632] INFO org.github.dragos.vscode.Main$ - Classpath: /Users/jinkang/.vscode/extensions/dragos.scala-lsp-0.2.2/coursier
[2018-04-01 13:42:53,632] INFO org.github.dragos.vscode.Main$ - Classpath: /Users/jinkang/.vscode/extensions/dragos.scala-lsp-0.2.2/coursier
[2018-04-01 13:42:53,813] DEBUG langserver.core.MessageReader - Received headers:
Content-Length: 1203
[2018-04-01 13:42:53,813] DEBUG langserver.core.MessageReader - Received headers:
Content-Length: 1203
[2018-04-01 13:42:53,830] DEBUG langserver.core.Connection - Received {"jsonrpc":"2.0","id":0,"method":"initialize","params":{"processId":59726,"rootPath":"/Users/jinkang/Desktop/scala_coursera","rootUri":"file:///Users/jinkang/Desktop/scala_coursera","capabilities":{"workspace":{"applyEdit":true,"didChangeConfiguration":{"dynamicRegistration":false},"didChangeWatchedFiles":{"dynamicRegistration":false},"symbol":{"dynamicRegistration":true},"executeCommand":{"dynamicRegistration":true}},"textDocument":{"synchronization":{"dynamicRegistration":true,"willSave":true,"willSaveWaitUntil":true,"didSave":true},"completion":{"dynamicRegistration":true,"completionItem":{"snippetSupport":true}},"hover":{"dynamicRegistration":true},"signatureHelp":{"dynamicRegistration":true},"references":{"dynamicRegistration":true},"documentHighlight":{"dynamicRegistration":true},"documentSymbol":{"dynamicRegistration":true},"formatting":{"dynamicRegistration":true},"rangeFormatting":{"dynamicRegistration":true},"onTypeFormatting":{"dynamicRegistration":true},"definition":{"dynamicRegistration":true},"codeAction":{"dynamicRegistration":true},"codeLens":{"dynamicRegistration":true},"documentLink":{"dynamicRegistration":true},"rename":{"dynamicRegistration":true}}},"trace":"off"}}
[2018-04-01 13:42:53,830] DEBUG langserver.core.Connection - Received {"jsonrpc":"2.0","id":0,"method":"initialize","params":{"processId":59726,"rootPath":"/Users/jinkang/Desktop/scala_coursera","rootUri":"file:///Users/jinkang/Desktop/scala_coursera","capabilities":{"workspace":{"applyEdit":true,"didChangeConfiguration":{"dynamicRegistration":false},"didChangeWatchedFiles":{"dynamicRegistration":false},"symbol":{"dynamicRegistration":true},"executeCommand":{"dynamicRegistration":true}},"textDocument":{"synchronization":{"dynamicRegistration":true,"willSave":true,"willSaveWaitUntil":true,"didSave":true},"completion":{"dynamicRegistration":true,"completionItem":{"snippetSupport":true}},"hover":{"dynamicRegistration":true},"signatureHelp":{"dynamicRegistration":true},"references":{"dynamicRegistration":true},"documentHighlight":{"dynamicRegistration":true},"documentSymbol":{"dynamicRegistration":true},"formatting":{"dynamicRegistration":true},"rangeFormatting":{"dynamicRegistration":true},"onTypeFormatting":{"dynamicRegistration":true},"definition":{"dynamicRegistration":true},"codeAction":{"dynamicRegistration":true},"codeLens":{"dynamicRegistration":true},"documentLink":{"dynamicRegistration":true},"rename":{"dynamicRegistration":true}}},"trace":"off"}}
[2018-04-01 13:42:54,759] INFO org.github.dragos.vscode.EnsimeLanguageServer - Initialized with 59726, /Users/jinkang/Desktop/scala_coursera, ClientCapabilities()
[2018-04-01 13:42:54,759] INFO org.github.dragos.vscode.EnsimeLanguageServer - Initialized with 59726, /Users/jinkang/Desktop/scala_coursera, ClientCapabilities()
[2018-04-01 13:42:54,761] DEBUG org.github.dragos.vscode.EnsimeLanguageServer - ensime.config = "/Users/jinkang/Desktop/scala_coursera/.ensime" 
[2018-04-01 13:42:54,761] DEBUG org.github.dragos.vscode.EnsimeLanguageServer - ensime.config = "/Users/jinkang/Desktop/scala_coursera/.ensime" 
[2018-04-01 13:42:55,334] INFO akka.event.slf4j.Slf4jLogger - Slf4jLogger started
[2018-04-01 13:42:55,617] ERROR org.github.dragos.vscode.EnsimeLanguageServer - initializeEnsime Error: /Users/jinkang/Desktop/scala_coursera/.ensime
[2018-04-01 13:42:55,617] ERROR org.github.dragos.vscode.EnsimeLanguageServer - initializeEnsime Error: /Users/jinkang/Desktop/scala_coursera/.ensime
[2018-04-01 13:42:55,766] DEBUG langserver.core.MessageWriter - Content-Length: 146



{"jsonrpc":"2.0","method":"window/showMessage","params":{"tpe":1,"message":"No .ensime file in directory. Run `sbt ensimeConfig` to create one."}}
[2018-04-01 13:42:55,766] DEBUG langserver.core.MessageWriter - Content-Length: 146



{"jsonrpc":"2.0","method":"window/showMessage","params":{"tpe":1,"message":"No .ensime file in directory. Run `sbt ensimeConfig` to create one."}}
[2018-04-01 13:42:55,766] DEBUG langserver.core.MessageWriter - payload: {"jsonrpc":"2.0","method":"window/showMessage","params":{"tpe":1,"message":"No .ensime file in directory. Run `sbt ensimeConfig` to create one."}}
[2018-04-01 13:42:55,766] DEBUG langserver.core.MessageWriter - payload: {"jsonrpc":"2.0","method":"window/showMessage","params":{"tpe":1,"message":"No .ensime file in directory. Run `sbt ensimeConfig` to create one."}}
[2018-04-01 13:42:55,940] DEBUG langserver.core.MessageWriter - Content-Length: 441



{"jsonrpc":"2.0","result":{"capabilities":{"textDocumentSync":1,"hoverProvider":true,"completionProvider":{"resolveProvider":false,"triggerCharacters":["."]},"definitionProvider":true,"referencesProvider":false,"documentHighlightProvider":false,"documentSymbolProvider":true,"workspaceSymbolProvider":false,"codeActionProvider":false,"documentFormattingProvider":false,"documentRangeFormattingProvider":false,"renameProvider":false}},"id":0}
[2018-04-01 13:42:55,940] DEBUG langserver.core.MessageWriter - Content-Length: 441



{"jsonrpc":"2.0","result":{"capabilities":{"textDocumentSync":1,"hoverProvider":true,"completionProvider":{"resolveProvider":false,"triggerCharacters":["."]},"definitionProvider":true,"referencesProvider":false,"documentHighlightProvider":false,"documentSymbolProvider":true,"workspaceSymbolProvider":false,"codeActionProvider":false,"documentFormattingProvider":false,"documentRangeFormattingProvider":false,"renameProvider":false}},"id":0}
[2018-04-01 13:42:55,962] DEBUG langserver.core.MessageWriter - payload: {"jsonrpc":"2.0","result":{"capabilities":{"textDocumentSync":1,"hoverProvider":true,"completionProvider":{"resolveProvider":false,"triggerCharacters":["."]},"definitionProvider":true,"referencesProvider":false,"documentHighlightProvider":false,"documentSymbolProvider":true,"workspaceSymbolProvider":false,"codeActionProvider":false,"documentFormattingProvider":false,"documentRangeFormattingProvider":false,"renameProvider":false}},"id":0}
[2018-04-01 13:42:55,962] DEBUG langserver.core.MessageWriter - payload: {"jsonrpc":"2.0","result":{"capabilities":{"textDocumentSync":1,"hoverProvider":true,"completionProvider":{"resolveProvider":false,"triggerCharacters":["."]},"definitionProvider":true,"referencesProvider":false,"documentHighlightProvider":false,"documentSymbolProvider":true,"workspaceSymbolProvider":false,"codeActionProvider":false,"documentFormattingProvider":false,"documentRangeFormattingProvider":false,"renameProvider":false}},"id":0}
[2018-04-01 13:42:55,966] DEBUG langserver.core.MessageReader - Received headers:
Content-Length: 52
[2018-04-01 13:42:55,966] DEBUG langserver.core.MessageReader - Received headers:
Content-Length: 52
[2018-04-01 13:42:55,972] DEBUG langserver.core.Connection - Received {"jsonrpc":"2.0","method":"initialized","params":{}}
[2018-04-01 13:42:55,972] DEBUG langserver.core.Connection - Received {"jsonrpc":"2.0","method":"initialized","params":{}}
[2018-04-01 13:42:55,986] ERROR org.github.dragos.vscode.EnsimeLanguageServer - Unknown notification Initialized()
[2018-04-01 13:42:55,986] ERROR org.github.dragos.vscode.EnsimeLanguageServer - Unknown notification Initialized()
[2018-04-01 13:42:55,986] DEBUG langserver.core.MessageReader - Received headers:
Content-Length: 288
[2018-04-01 13:42:55,986] DEBUG langserver.core.MessageReader - Received headers:
Content-Length: 288
[2018-04-01 13:42:55,987] DEBUG langserver.core.Connection - Received {"jsonrpc":"2.0","method":"textDocument/didOpen","params":{"textDocument":{"uri":"file:///Users/jinkang/Desktop/scala_coursera/helloworld.scala","languageId":"scala","version":1,"text":"object HelloWorld {\n   def main(args: Array[String]) {\n      println(\"Hello, world!\")\n   }\n}"}}}
[2018-04-01 13:42:55,987] DEBUG langserver.core.Connection - Received {"jsonrpc":"2.0","method":"textDocument/didOpen","params":{"textDocument":{"uri":"file:///Users/jinkang/Desktop/scala_coursera/helloworld.scala","languageId":"scala","version":1,"text":"object HelloWorld {\n   def main(args: Array[String]) {\n      println(\"Hello, world!\")\n   }\n}"}}}
[2018-04-01 13:43:16,796] DEBUG langserver.core.MessageReader - Received headers:
Content-Length: 189
[2018-04-01 13:43:16,796] DEBUG langserver.core.MessageReader - Received headers:
Content-Length: 189
[2018-04-01 13:43:16,796] DEBUG langserver.core.Connection - Received {"jsonrpc":"2.0","method":"textDocument/didOpen","params":{"textDocument":{"uri":"file:///Users/jinkang/Desktop/scala_coursera/test.scala","languageId":"scala","version":1,"text":"10+20"}}}
[2018-04-01 13:43:16,796] DEBUG langserver.core.Connection - Received {"jsonrpc":"2.0","method":"textDocument/didOpen","params":{"textDocument":{"uri":"file:///Users/jinkang/Desktop/scala_coursera/test.scala","languageId":"scala","version":1,"text":"10+20"}}}
[2018-04-01 13:43:23,846] DEBUG langserver.core.MessageReader - Received headers:
Content-Length: 182
[2018-04-01 13:43:23,846] DEBUG langserver.core.MessageReader - Received headers:
Content-Length: 182
[2018-04-01 13:43:23,846] DEBUG langserver.core.Connection - Received {"jsonrpc":"2.0","id":1,"method":"textDocument/hover","params":{"textDocument":{"uri":"file:///Users/jinkang/Desktop/scala_coursera/test.scala"},"position":{"line":0,"character":2}}}
[2018-04-01 13:43:23,846] DEBUG langserver.core.Connection - Received {"jsonrpc":"2.0","id":1,"method":"textDocument/hover","params":{"textDocument":{"uri":"file:///Users/jinkang/Desktop/scala_coursera/test.scala"},"position":{"line":0,"character":2}}}
[2018-04-01 13:43:23,850] INFO org.github.dragos.vscode.EnsimeLanguageServer - Got hover request at (0, 2).
[2018-04-01 13:43:23,850] INFO org.github.dragos.vscode.EnsimeLanguageServer - Got hover request at (0, 2).
[2018-04-01 13:43:23,860] DEBUG org.github.dragos.vscode.EnsimeLanguageServer - DocUriAtPointReq future completed: succes? false
[2018-04-01 13:43:23,860] DEBUG org.github.dragos.vscode.EnsimeLanguageServer - DocUriAtPointReq future completed: succes? false
[2018-04-01 13:43:23,898] DEBUG langserver.core.MessageReader - Received headers:
Content-Length: 62
[2018-04-01 13:43:23,898] DEBUG langserver.core.MessageReader - Received headers:
Content-Length: 62
[2018-04-01 13:43:23,899] DEBUG langserver.core.Connection - Received {"jsonrpc":"2.0","method":"$/cancelRequest","params":{"id":1}}
[2018-04-01 13:43:23,899] DEBUG langserver.core.Connection - Received {"jsonrpc":"2.0","method":"$/cancelRequest","params":{"id":1}}
[2018-04-01 13:43:23,902] ERROR org.github.dragos.vscode.EnsimeLanguageServer - Unknown notification CancelRequest(1)
[2018-04-01 13:43:23,902] ERROR org.github.dragos.vscode.EnsimeLanguageServer - Unknown notification CancelRequest(1)
[2018-04-02 21:32:11,126] DEBUG langserver.core.MessageReader - Received headers:
Content-Length: 148
[2018-04-02 21:32:11,126] DEBUG langserver.core.MessageReader - Received headers:
Content-Length: 148
[2018-04-02 21:32:11,176] DEBUG langserver.core.Connection - Received {"jsonrpc":"2.0","method":"textDocument/didClose","params":{"textDocument":{"uri":"file:///Users/jinkang/Desktop/scala_coursera/helloworld.scala"}}}
[2018-04-02 21:32:11,176] DEBUG langserver.core.Connection - Received {"jsonrpc":"2.0","method":"textDocument/didClose","params":{"textDocument":{"uri":"file:///Users/jinkang/Desktop/scala_coursera/helloworld.scala"}}}
[2018-04-02 21:32:11,268] DEBUG org.github.dragos.vscode.EnsimeLanguageServer - Removing file:///Users/jinkang/Desktop/scala_coursera/helloworld.scala from Ensime.
[2018-04-02 21:32:11,268] DEBUG org.github.dragos.vscode.EnsimeLanguageServer - Removing file:///Users/jinkang/Desktop/scala_coursera/helloworld.scala from Ensime.
[2018-04-02 21:32:11,995] DEBUG langserver.core.MessageReader - Received headers:
Content-Length: 142
[2018-04-02 21:32:11,995] DEBUG langserver.core.MessageReader - Received headers:
Content-Length: 142
[2018-04-02 21:32:11,996] DEBUG langserver.core.Connection - Received {"jsonrpc":"2.0","method":"textDocument/didClose","params":{"textDocument":{"uri":"file:///Users/jinkang/Desktop/scala_coursera/test.scala"}}}
[2018-04-02 21:32:11,996] DEBUG langserver.core.Connection - Received {"jsonrpc":"2.0","method":"textDocument/didClose","params":{"textDocument":{"uri":"file:///Users/jinkang/Desktop/scala_coursera/test.scala"}}}
[2018-04-02 21:32:12,004] DEBUG org.github.dragos.vscode.EnsimeLanguageServer - Removing file:///Users/jinkang/Desktop/scala_coursera/test.scala from Ensime.
[2018-04-02 21:32:12,004] DEBUG org.github.dragos.vscode.EnsimeLanguageServer - Removing file:///Users/jinkang/Desktop/scala_coursera/test.scala from Ensime.
[2018-04-02 21:36:50,042] DEBUG langserver.core.MessageReader - Received headers:
Content-Length: 292
[2018-04-02 21:36:50,042] DEBUG langserver.core.MessageReader - Received headers:
Content-Length: 292
[2018-04-02 21:36:50,043] DEBUG langserver.core.Connection - Received {"jsonrpc":"2.0","method":"textDocument/didOpen","params":{"textDocument":{"uri":"file:///Users/jinkang/Desktop/scala_coursera/Demo.scala","languageId":"scala","version":1,"text":"import Run._\n\nobject Demo {\n   def main(args: Array[String]) {\n      4 times println(\"hello\")\n   }\n}"}}}
[2018-04-02 21:36:50,043] DEBUG langserver.core.Connection - Received {"jsonrpc":"2.0","method":"textDocument/didOpen","params":{"textDocument":{"uri":"file:///Users/jinkang/Desktop/scala_coursera/Demo.scala","languageId":"scala","version":1,"text":"import Run._\n\nobject Demo {\n   def main(args: Array[String]) {\n      4 times println(\"hello\")\n   }\n}"}}}
[2018-04-02 21:37:28,396] DEBUG langserver.core.MessageReader - Received headers:
Content-Length: 182
[2018-04-02 21:37:28,396] DEBUG langserver.core.MessageReader - Received headers:
Content-Length: 182
[2018-04-02 21:37:28,397] DEBUG langserver.core.Connection - Received {"jsonrpc":"2.0","id":2,"method":"textDocument/hover","params":{"textDocument":{"uri":"file:///Users/jinkang/Desktop/scala_coursera/Demo.scala"},"position":{"line":2,"character":5}}}
[2018-04-02 21:37:28,397] DEBUG langserver.core.Connection - Received {"jsonrpc":"2.0","id":2,"method":"textDocument/hover","params":{"textDocument":{"uri":"file:///Users/jinkang/Desktop/scala_coursera/Demo.scala"},"position":{"line":2,"character":5}}}
[2018-04-02 21:37:28,406] INFO org.github.dragos.vscode.EnsimeLanguageServer - Got hover request at (2, 5).
[2018-04-02 21:37:28,406] INFO org.github.dragos.vscode.EnsimeLanguageServer - Got hover request at (2, 5).
[2018-04-02 21:37:28,415] DEBUG org.github.dragos.vscode.EnsimeLanguageServer - DocUriAtPointReq future completed: succes? false
[2018-04-02 21:37:28,415] DEBUG org.github.dragos.vscode.EnsimeLanguageServer - DocUriAtPointReq future completed: succes? false
[2018-04-02 21:37:28,450] DEBUG langserver.core.MessageReader - Received headers:
Content-Length: 62
[2018-04-02 21:37:28,450] DEBUG langserver.core.MessageReader - Received headers:
Content-Length: 62
[2018-04-02 21:37:28,450] DEBUG langserver.core.Connection - Received {"jsonrpc":"2.0","method":"$/cancelRequest","params":{"id":2}}
[2018-04-02 21:37:28,450] DEBUG langserver.core.Connection - Received {"jsonrpc":"2.0","method":"$/cancelRequest","params":{"id":2}}
[2018-04-02 21:37:28,454] ERROR org.github.dragos.vscode.EnsimeLanguageServer - Unknown notification CancelRequest(2)
[2018-04-02 21:37:28,454] ERROR org.github.dragos.vscode.EnsimeLanguageServer - Unknown notification CancelRequest(2)
[2018-04-02 21:37:28,604] DEBUG langserver.core.MessageReader - Received headers:
Content-Length: 182
[2018-04-02 21:37:28,604] DEBUG langserver.core.MessageReader - Received headers:
Content-Length: 182
[2018-04-02 21:37:28,605] DEBUG langserver.core.Connection - Received {"jsonrpc":"2.0","id":3,"method":"textDocument/hover","params":{"textDocument":{"uri":"file:///Users/jinkang/Desktop/scala_coursera/Demo.scala"},"position":{"line":3,"character":4}}}
[2018-04-02 21:37:28,605] DEBUG langserver.core.Connection - Received {"jsonrpc":"2.0","id":3,"method":"textDocument/hover","params":{"textDocument":{"uri":"file:///Users/jinkang/Desktop/scala_coursera/Demo.scala"},"position":{"line":3,"character":4}}}
[2018-04-02 21:37:28,607] INFO org.github.dragos.vscode.EnsimeLanguageServer - Got hover request at (3, 4).
[2018-04-02 21:37:28,607] INFO org.github.dragos.vscode.EnsimeLanguageServer - Got hover request at (3, 4).
[2018-04-02 21:37:28,608] DEBUG org.github.dragos.vscode.EnsimeLanguageServer - DocUriAtPointReq future completed: succes? false
[2018-04-02 21:37:28,608] DEBUG org.github.dragos.vscode.EnsimeLanguageServer - DocUriAtPointReq future completed: succes? false
[2018-04-02 21:37:28,942] DEBUG langserver.core.MessageReader - Received headers:
Content-Length: 62
[2018-04-02 21:37:28,942] DEBUG langserver.core.MessageReader - Received headers:
Content-Length: 62
[2018-04-02 21:37:28,943] DEBUG langserver.core.Connection - Received {"jsonrpc":"2.0","method":"$/cancelRequest","params":{"id":3}}
[2018-04-02 21:37:28,943] DEBUG langserver.core.Connection - Received {"jsonrpc":"2.0","method":"$/cancelRequest","params":{"id":3}}
[2018-04-02 21:37:28,946] ERROR org.github.dragos.vscode.EnsimeLanguageServer - Unknown notification CancelRequest(3)
[2018-04-02 21:37:28,946] ERROR org.github.dragos.vscode.EnsimeLanguageServer - Unknown notification CancelRequest(3)
[2018-04-02 21:37:30,119] DEBUG langserver.core.MessageReader - Received headers:
Content-Length: 142
[2018-04-02 21:37:30,119] DEBUG langserver.core.MessageReader - Received headers:
Content-Length: 142
[2018-04-02 21:37:30,120] DEBUG langserver.core.Connection - Received {"jsonrpc":"2.0","method":"textDocument/didClose","params":{"textDocument":{"uri":"file:///Users/jinkang/Desktop/scala_coursera/Demo.scala"}}}
[2018-04-02 21:37:30,120] DEBUG langserver.core.Connection - Received {"jsonrpc":"2.0","method":"textDocument/didClose","params":{"textDocument":{"uri":"file:///Users/jinkang/Desktop/scala_coursera/Demo.scala"}}}
[2018-04-02 21:37:30,125] DEBUG org.github.dragos.vscode.EnsimeLanguageServer - Removing file:///Users/jinkang/Desktop/scala_coursera/Demo.scala from Ensime.
[2018-04-02 21:37:30,125] DEBUG org.github.dragos.vscode.EnsimeLanguageServer - Removing file:///Users/jinkang/Desktop/scala_coursera/Demo.scala from Ensime.
[2018-04-02 21:37:46,523] DEBUG langserver.core.MessageReader - Received headers:
Content-Length: 292
[2018-04-02 21:37:46,523] DEBUG langserver.core.MessageReader - Received headers:
Content-Length: 292
[2018-04-02 21:37:46,524] DEBUG langserver.core.Connection - Received {"jsonrpc":"2.0","method":"textDocument/didOpen","params":{"textDocument":{"uri":"file:///Users/jinkang/Desktop/scala_coursera/Demo.scala","languageId":"scala","version":1,"text":"import Run._\n\nobject Demo {\n   def main(args: Array[String]) {\n      4 times println(\"hello\")\n   }\n}"}}}
[2018-04-02 21:37:46,524] DEBUG langserver.core.Connection - Received {"jsonrpc":"2.0","method":"textDocument/didOpen","params":{"textDocument":{"uri":"file:///Users/jinkang/Desktop/scala_coursera/Demo.scala","languageId":"scala","version":1,"text":"import Run._\n\nobject Demo {\n   def main(args: Array[String]) {\n      4 times println(\"hello\")\n   }\n}"}}}
[2018-04-07 11:21:07,496] DEBUG langserver.core.MessageReader - Received headers:
Content-Length: 58
[2018-04-07 11:21:07,496] DEBUG langserver.core.MessageReader - Received headers:
Content-Length: 58
[2018-04-07 11:21:07,521] DEBUG langserver.core.Connection - Received {"jsonrpc":"2.0","id":4,"method":"shutdown","params":null}
[2018-04-07 11:21:07,521] DEBUG langserver.core.Connection - Received {"jsonrpc":"2.0","id":4,"method":"shutdown","params":null}
[2018-04-07 11:21:07,727] DEBUG langserver.core.MessageWriter - Content-Length: 198



{"jsonrpc":"2.0","error":{"code":-32602,"message":"Invalid params","data":{"meaning":"Invalid method parameter(s).","error":{"obj":[{"msg":["command parameters must be given"],"args":[]}]}}},"id":4}
[2018-04-07 11:21:07,727] DEBUG langserver.core.MessageWriter - Content-Length: 198



{"jsonrpc":"2.0","error":{"code":-32602,"message":"Invalid params","data":{"meaning":"Invalid method parameter(s).","error":{"obj":[{"msg":["command parameters must be given"],"args":[]}]}}},"id":4}
[2018-04-07 11:21:07,728] DEBUG langserver.core.MessageWriter - payload: {"jsonrpc":"2.0","error":{"code":-32602,"message":"Invalid params","data":{"meaning":"Invalid method parameter(s).","error":{"obj":[{"msg":["command parameters must be given"],"args":[]}]}}},"id":4}
[2018-04-07 11:21:07,728] DEBUG langserver.core.MessageWriter - payload: {"jsonrpc":"2.0","error":{"code":-32602,"message":"Invalid params","data":{"meaning":"Invalid method parameter(s).","error":{"obj":[{"msg":["command parameters must be given"],"args":[]}]}}},"id":4}
[2018-04-07 11:21:08,512] INFO langserver.core.MessageReader - End of stream, terminating thread
[2018-04-07 11:21:08,512] INFO langserver.core.MessageReader - End of stream, terminating thread
[2018-04-07 11:21:08,513] INFO org.github.dragos.vscode.EnsimeLanguageServer - Shutdown request
[2018-04-07 11:21:08,513] INFO org.github.dragos.vscode.EnsimeLanguageServer - Shutdown request
[2018-04-07 11:21:08,530] INFO org.github.dragos.vscode.EnsimeLanguageServer - Shutting down actor system.
[2018-04-07 11:21:08,530] INFO org.github.dragos.vscode.EnsimeLanguageServer - Shutting down actor system.
[2018-04-07 11:21:08,623] INFO org.github.dragos.vscode.EnsimeLanguageServer - Actor system down.
[2018-04-07 11:21:08,623] INFO org.github.dragos.vscode.EnsimeLanguageServer - Actor system down.
